[DEBUG] - [14-08-2025 05:17:46] [main] [org.testng.TestNG] - suiteXmlPath: "G:\ItI\java projects\SauceDemo\src\test\resources\TestSuites\EndToEndSuite.xml"
[INFO] - [14-08-2025 05:17:47] [main] [org.testng.internal.Utils] - [TestNG] Running:
  G:\ItI\java projects\SauceDemo\src\test\resources\TestSuites\EndToEndSuite.xml

[DEBUG] - [14-08-2025 05:17:49] [main] [com.jayway.jsonpath.internal.path.CompiledPath] - Evaluating path: $['valid-Login-credentials']['username']
[DEBUG] - [14-08-2025 05:17:49] [main] [com.jayway.jsonpath.internal.path.CompiledPath] - Evaluating path: $['valid-Login-credentials']['password']
[DEBUG] - [14-08-2025 05:17:50] [main] [com.jayway.jsonpath.internal.path.CompiledPath] - Evaluating path: $['valid-checkout-information']['first-name']
[DEBUG] - [14-08-2025 05:17:50] [main] [com.jayway.jsonpath.internal.path.CompiledPath] - Evaluating path: $['valid-checkout-information']['last-name']
[DEBUG] - [14-08-2025 05:17:50] [main] [com.jayway.jsonpath.internal.path.CompiledPath] - Evaluating path: $['valid-checkout-information']['zip-code']
[DEBUG] - [14-08-2025 05:17:52] [main] [com.jayway.jsonpath.internal.path.CompiledPath] - Evaluating path: $['valid-Login-credentials']['username']
[DEBUG] - [14-08-2025 05:17:52] [main] [com.jayway.jsonpath.internal.path.CompiledPath] - Evaluating path: $['valid-Login-credentials']['password']
[DEBUG] - [14-08-2025 05:17:55] [main] [com.jayway.jsonpath.internal.path.CompiledPath] - Evaluating path: $['valid-Login-credentials']['username']
[DEBUG] - [14-08-2025 05:17:55] [main] [com.jayway.jsonpath.internal.path.CompiledPath] - Evaluating path: $['valid-Login-credentials']['password']
[DEBUG] - [14-08-2025 05:17:56] [main] [com.jayway.jsonpath.internal.path.CompiledPath] - Evaluating path: $['valid-Login-credentials']['username']
[DEBUG] - [14-08-2025 05:17:56] [main] [com.jayway.jsonpath.internal.path.CompiledPath] - Evaluating path: $['valid-Login-credentials']['password']
[DEBUG] - [14-08-2025 05:17:57] [main] [com.jayway.jsonpath.internal.path.CompiledPath] - Evaluating path: $['valid-Login-credentials']['username']
[DEBUG] - [14-08-2025 05:17:57] [main] [com.jayway.jsonpath.internal.path.CompiledPath] - Evaluating path: $['valid-Login-credentials']['password']
[DEBUG] - [14-08-2025 05:18:02] [main] [com.jayway.jsonpath.internal.path.CompiledPath] - Evaluating path: $['valid-Login-credentials']['username']
[DEBUG] - [14-08-2025 05:18:02] [main] [com.jayway.jsonpath.internal.path.CompiledPath] - Evaluating path: $['valid-Login-credentials']['password']
[ERROR] - [14-08-2025 05:18:06] [main] [automation.Tests.endToEnd.E2ETests] - Test FAILED: postiveEndToEndScenario_5
[ERROR] - [14-08-2025 05:18:06] [main] [automation.Tests.endToEnd.E2ETests] - Reason: Remove button is still displayed after click on reset app state button expected [false] but found [true]
[DEBUG] - [14-08-2025 05:18:08] [main] [com.jayway.jsonpath.internal.path.CompiledPath] - Evaluating path: $['invalid-login-username']['username']
[DEBUG] - [14-08-2025 05:18:08] [main] [com.jayway.jsonpath.internal.path.CompiledPath] - Evaluating path: $['invalid-login-username']['password']
[DEBUG] - [14-08-2025 05:18:08] [main] [com.jayway.jsonpath.internal.path.CompiledPath] - Evaluating path: $['invalid-login-username']['error-message']
[DEBUG] - [14-08-2025 05:18:08] [main] [com.jayway.jsonpath.internal.path.CompiledPath] - Evaluating path: $['invalid-login-password']['username']
[DEBUG] - [14-08-2025 05:18:08] [main] [com.jayway.jsonpath.internal.path.CompiledPath] - Evaluating path: $['invalid-login-password']['password']
[DEBUG] - [14-08-2025 05:18:08] [main] [com.jayway.jsonpath.internal.path.CompiledPath] - Evaluating path: $['invalid-login-password']['error-message']
[DEBUG] - [14-08-2025 05:18:08] [main] [com.jayway.jsonpath.internal.path.CompiledPath] - Evaluating path: $['invalid-login-empty-username']['username']
[DEBUG] - [14-08-2025 05:18:08] [main] [com.jayway.jsonpath.internal.path.CompiledPath] - Evaluating path: $['invalid-login-empty-username']['password']
[DEBUG] - [14-08-2025 05:18:08] [main] [com.jayway.jsonpath.internal.path.CompiledPath] - Evaluating path: $['invalid-login-empty-username']['error-message']
[DEBUG] - [14-08-2025 05:18:08] [main] [com.jayway.jsonpath.internal.path.CompiledPath] - Evaluating path: $['invalid-login-empty-password']['username']
[DEBUG] - [14-08-2025 05:18:08] [main] [com.jayway.jsonpath.internal.path.CompiledPath] - Evaluating path: $['invalid-login-empty-password']['password']
[DEBUG] - [14-08-2025 05:18:08] [main] [com.jayway.jsonpath.internal.path.CompiledPath] - Evaluating path: $['invalid-login-empty-password']['error-message']
[DEBUG] - [14-08-2025 05:18:10] [main] [com.jayway.jsonpath.internal.path.CompiledPath] - Evaluating path: $['valid-Login-credentials']['username']
[DEBUG] - [14-08-2025 05:18:10] [main] [com.jayway.jsonpath.internal.path.CompiledPath] - Evaluating path: $['valid-Login-credentials']['password']
[ERROR] - [14-08-2025 05:18:11] [main] [automation.Tests.endToEnd.E2ETests] - Test FAILED: negativeEndToEndScenario_2
[ERROR] - [14-08-2025 05:18:11] [main] [automation.Tests.endToEnd.E2ETests] - Reason: Cart empty cannot navigate to checkout page expected [https://www.saucedemo.com/cart.html] but found [https://www.saucedemo.com/checkout-step-one.html]
