[DEBUG] - [10-08-2025 15:10:47] [main] [org.testng.TestNG] - suiteXmlPath: "G:\ItI\java projects\SauceDemo\src\test\resources\TestSuites\test.xml"
[INFO] - [10-08-2025 15:10:48] [main] [org.testng.internal.Utils] - [TestNG] Running:
  G:\ItI\java projects\SauceDemo\src\test\resources\TestSuites\test.xml

[DEBUG] - [10-08-2025 15:10:52] [main] [com.jayway.jsonpath.internal.path.CompiledPath] - Evaluating path: $['{testkey}']['username']
[ERROR] - [10-08-2025 15:10:52] [main] [utils.JsonUtils] - Missing property in path $['{testkey}'] No results for json path: '{testkey}.username' in the json file: test-data
[DEBUG] - [10-08-2025 15:10:52] [main] [com.jayway.jsonpath.internal.path.CompiledPath] - Evaluating path: $['{testkey}']['password']
[ERROR] - [10-08-2025 15:10:52] [main] [utils.JsonUtils] - Missing property in path $['{testkey}'] No results for json path: '{testkey}.password' in the json file: test-data
[DEBUG] - [10-08-2025 15:10:52] [main] [com.jayway.jsonpath.internal.path.CompiledPath] - Evaluating path: $['{testkey}']['error-message']
[ERROR] - [10-08-2025 15:10:52] [main] [utils.JsonUtils] - Missing property in path $['{testkey}'] No results for json path: '{testkey}.error-message' in the json file: test-data
