[DEBUG] - [13-08-2025 15:29:12] [main] [org.testng.TestNG] - suiteXmlPath: "G:\ItI\java projects\SauceDemo\src\test\resources\TestSuites\EndToEndSuite.xml"
[INFO] - [13-08-2025 15:29:14] [main] [org.testng.internal.Utils] - [TestNG] Running:
  G:\ItI\java projects\SauceDemo\src\test\resources\TestSuites\EndToEndSuite.xml

[DEBUG] - [13-08-2025 15:29:22] [main] [com.jayway.jsonpath.internal.path.CompiledPath] - Evaluating path: $['valid-Login-credentials']['username']
[DEBUG] - [13-08-2025 15:29:22] [main] [com.jayway.jsonpath.internal.path.CompiledPath] - Evaluating path: $['valid-Login-credentials']['password']
[DEBUG] - [13-08-2025 15:29:24] [main] [com.jayway.jsonpath.internal.path.CompiledPath] - Evaluating path: $['valid-checkout-information']['first-name']
[DEBUG] - [13-08-2025 15:29:24] [main] [com.jayway.jsonpath.internal.path.CompiledPath] - Evaluating path: $['valid-checkout-information']['last-name']
[DEBUG] - [13-08-2025 15:29:24] [main] [com.jayway.jsonpath.internal.path.CompiledPath] - Evaluating path: $['valid-checkout-information']['zip-code']
[DEBUG] - [13-08-2025 15:29:30] [main] [com.jayway.jsonpath.internal.path.CompiledPath] - Evaluating path: $['valid-Login-credentials']['username']
[DEBUG] - [13-08-2025 15:29:30] [main] [com.jayway.jsonpath.internal.path.CompiledPath] - Evaluating path: $['valid-Login-credentials']['password']
[DEBUG] - [13-08-2025 15:29:37] [main] [com.jayway.jsonpath.internal.path.CompiledPath] - Evaluating path: $['valid-Login-credentials']['username']
[DEBUG] - [13-08-2025 15:29:37] [main] [com.jayway.jsonpath.internal.path.CompiledPath] - Evaluating path: $['valid-Login-credentials']['password']
[DEBUG] - [13-08-2025 15:29:39] [main] [com.jayway.jsonpath.internal.path.CompiledPath] - Evaluating path: $['valid-Login-credentials']['username']
[DEBUG] - [13-08-2025 15:29:39] [main] [com.jayway.jsonpath.internal.path.CompiledPath] - Evaluating path: $['valid-Login-credentials']['password']
[DEBUG] - [13-08-2025 15:29:44] [main] [com.jayway.jsonpath.internal.path.CompiledPath] - Evaluating path: $['valid-Login-credentials']['username']
[DEBUG] - [13-08-2025 15:29:44] [main] [com.jayway.jsonpath.internal.path.CompiledPath] - Evaluating path: $['valid-Login-credentials']['password']
[DEBUG] - [13-08-2025 15:29:53] [main] [com.jayway.jsonpath.internal.path.CompiledPath] - Evaluating path: $['valid-Login-credentials']['username']
[DEBUG] - [13-08-2025 15:29:53] [main] [com.jayway.jsonpath.internal.path.CompiledPath] - Evaluating path: $['valid-Login-credentials']['password']
[ERROR] - [13-08-2025 15:29:57] [main] [automation.Tests.endToEnd.E2ETests] - Test FAILED: postiveEndToEndScenario_5
[ERROR] - [13-08-2025 15:29:57] [main] [automation.Tests.endToEnd.E2ETests] - Reason: Remove button is still displayed after click on reset app state button expected [false] but found [true]
[DEBUG] - [13-08-2025 15:30:01] [main] [com.jayway.jsonpath.internal.path.CompiledPath] - Evaluating path: $['invalid-login-username']['username']
[DEBUG] - [13-08-2025 15:30:01] [main] [com.jayway.jsonpath.internal.path.CompiledPath] - Evaluating path: $['invalid-login-username']['password']
[DEBUG] - [13-08-2025 15:30:02] [main] [com.jayway.jsonpath.internal.path.CompiledPath] - Evaluating path: $['invalid-login-username']['error-message']
[DEBUG] - [13-08-2025 15:30:02] [main] [com.jayway.jsonpath.internal.path.CompiledPath] - Evaluating path: $['invalid-login-password']['username']
[DEBUG] - [13-08-2025 15:30:02] [main] [com.jayway.jsonpath.internal.path.CompiledPath] - Evaluating path: $['invalid-login-password']['password']
[DEBUG] - [13-08-2025 15:30:03] [main] [com.jayway.jsonpath.internal.path.CompiledPath] - Evaluating path: $['invalid-login-password']['error-message']
[DEBUG] - [13-08-2025 15:30:03] [main] [com.jayway.jsonpath.internal.path.CompiledPath] - Evaluating path: $['invalid-login-empty-username']['username']
[DEBUG] - [13-08-2025 15:30:03] [main] [com.jayway.jsonpath.internal.path.CompiledPath] - Evaluating path: $['invalid-login-empty-username']['password']
[DEBUG] - [13-08-2025 15:30:04] [main] [com.jayway.jsonpath.internal.path.CompiledPath] - Evaluating path: $['invalid-login-empty-username']['error-message']
[DEBUG] - [13-08-2025 15:30:04] [main] [com.jayway.jsonpath.internal.path.CompiledPath] - Evaluating path: $['invalid-login-empty-password']['username']
[DEBUG] - [13-08-2025 15:30:04] [main] [com.jayway.jsonpath.internal.path.CompiledPath] - Evaluating path: $['invalid-login-empty-password']['password']
[DEBUG] - [13-08-2025 15:30:04] [main] [com.jayway.jsonpath.internal.path.CompiledPath] - Evaluating path: $['invalid-login-empty-password']['error-message']
[DEBUG] - [13-08-2025 15:30:08] [main] [com.jayway.jsonpath.internal.path.CompiledPath] - Evaluating path: $['valid-Login-credentials']['username']
[DEBUG] - [13-08-2025 15:30:08] [main] [com.jayway.jsonpath.internal.path.CompiledPath] - Evaluating path: $['valid-Login-credentials']['password']
[ERROR] - [13-08-2025 15:30:11] [main] [automation.Tests.endToEnd.E2ETests] - Test FAILED: negativeEndToEndScenario_2
[ERROR] - [13-08-2025 15:30:11] [main] [automation.Tests.endToEnd.E2ETests] - Reason: Cart empty cannot navigate to checkout page expected [https://www.saucedemo.com/cart.html] but found [https://www.saucedemo.com/checkout-step-one.html]
