[DEBUG] - [12-08-2025 19:06:25] [main] [org.testng.TestNG] - suiteXmlPath: "G:\ItI\java projects\SauceDemo\src\test\resources\TestSuites\EndToEndSuite.xml"
[INFO] - [12-08-2025 19:06:26] [main] [org.testng.internal.Utils] - [TestNG] Running:
  G:\ItI\java projects\SauceDemo\src\test\resources\TestSuites\EndToEndSuite.xml

[DEBUG] - [12-08-2025 19:06:29] [main] [com.jayway.jsonpath.internal.path.CompiledPath] - Evaluating path: $['invalid-login-username']['username']
[DEBUG] - [12-08-2025 19:06:29] [main] [com.jayway.jsonpath.internal.path.CompiledPath] - Evaluating path: $['invalid-login-username']['password']
[DEBUG] - [12-08-2025 19:06:29] [main] [com.jayway.jsonpath.internal.path.CompiledPath] - Evaluating path: $['invalid-login-username']['error-message']
[DEBUG] - [12-08-2025 19:06:31] [main] [com.jayway.jsonpath.internal.path.CompiledPath] - Evaluating path: $['invalid-login-password']['username']
[DEBUG] - [12-08-2025 19:06:31] [main] [com.jayway.jsonpath.internal.path.CompiledPath] - Evaluating path: $['invalid-login-password']['password']
[DEBUG] - [12-08-2025 19:06:31] [main] [com.jayway.jsonpath.internal.path.CompiledPath] - Evaluating path: $['invalid-login-password']['error-message']
[DEBUG] - [12-08-2025 19:06:33] [main] [com.jayway.jsonpath.internal.path.CompiledPath] - Evaluating path: $['invalid-login-empty-username']['username']
[DEBUG] - [12-08-2025 19:06:33] [main] [com.jayway.jsonpath.internal.path.CompiledPath] - Evaluating path: $['invalid-login-empty-username']['password']
[ERROR] - [12-08-2025 19:06:37] [main] [automation.Tests.endToEnd.E2ETests] - ‚ùå Test FAILED: negativeEndToEndScenario_1
[ERROR] - [12-08-2025 19:06:37] [main] [automation.Tests.endToEnd.E2ETests] - Reason: Expected condition failed: waiting for visibility of element located by By.xpath: //*[@id="login_button_container"]/div/form/div[3]/h3 (tried for 3 second(s) with 500 milliseconds interval)
Build info: version: '4.20.0', revision: '866c76ca80'
System info: os.name: 'Windows 10', os.arch: 'amd64', os.version: '10.0', java.version: '21.0.7'
Driver info: org.openqa.selenium.chrome.ChromeDriver
Capabilities {acceptInsecureCerts: false, browserName: chrome, browserVersion: 122.0.6261.131, chrome: {chromedriverVersion: 122.0.6261.128 (f18a44fedeb..., userDataDir: C:\Users\COMPUM~1\AppData\L...}, fedcm:accounts: true, goog:chromeOptions: {debuggerAddress: localhost:58940}, networkConnectionEnabled: false, pageLoadStrategy: normal, platformName: windows, proxy: Proxy(), se:cdp: ws://localhost:58940/devtoo..., se:cdpVersion: 122.0.6261.131, setWindowRect: true, strictFileInteractability: false, timeouts: {implicit: 0, pageLoad: 300000, script: 30000}, unhandledPromptBehavior: dismiss and notify, webauthn:extension:credBlob: true, webauthn:extension:largeBlob: true, webauthn:extension:minPinLength: true, webauthn:extension:prf: true, webauthn:virtualAuthenticators: true}
Session ID: f5720e4438bccd286d675565d03feb9e
