[DEBUG] - [12-08-2025 19:47:12] [main] [org.testng.TestNG] - suiteXmlPath: "G:\ItI\java projects\SauceDemo\src\test\resources\TestSuites\EndToEndSuite.xml"
[INFO] - [12-08-2025 19:47:14] [main] [org.testng.internal.Utils] - [TestNG] Running:
  G:\ItI\java projects\SauceDemo\src\test\resources\TestSuites\EndToEndSuite.xml

[DEBUG] - [12-08-2025 19:47:21] [main] [com.jayway.jsonpath.internal.path.CompiledPath] - Evaluating path: $['valid-Login-credentials']['username']
[DEBUG] - [12-08-2025 19:47:21] [main] [com.jayway.jsonpath.internal.path.CompiledPath] - Evaluating path: $['valid-Login-credentials']['password']
[DEBUG] - [12-08-2025 19:47:23] [main] [com.jayway.jsonpath.internal.path.CompiledPath] - Evaluating path: $['valid-checkout-information']['first-name']
[DEBUG] - [12-08-2025 19:47:23] [main] [com.jayway.jsonpath.internal.path.CompiledPath] - Evaluating path: $['valid-checkout-information']['last-name']
[DEBUG] - [12-08-2025 19:47:23] [main] [com.jayway.jsonpath.internal.path.CompiledPath] - Evaluating path: $['valid-checkout-information']['zip-code']
[DEBUG] - [12-08-2025 19:47:29] [main] [com.jayway.jsonpath.internal.path.CompiledPath] - Evaluating path: $['valid-Login-credentials']['username']
[DEBUG] - [12-08-2025 19:47:29] [main] [com.jayway.jsonpath.internal.path.CompiledPath] - Evaluating path: $['valid-Login-credentials']['password']
[DEBUG] - [12-08-2025 19:47:36] [main] [com.jayway.jsonpath.internal.path.CompiledPath] - Evaluating path: $['valid-Login-credentials']['username']
[DEBUG] - [12-08-2025 19:47:36] [main] [com.jayway.jsonpath.internal.path.CompiledPath] - Evaluating path: $['valid-Login-credentials']['password']
[DEBUG] - [12-08-2025 19:47:38] [main] [com.jayway.jsonpath.internal.path.CompiledPath] - Evaluating path: $['valid-Login-credentials']['username']
[DEBUG] - [12-08-2025 19:47:38] [main] [com.jayway.jsonpath.internal.path.CompiledPath] - Evaluating path: $['valid-Login-credentials']['password']
[DEBUG] - [12-08-2025 19:47:43] [main] [com.jayway.jsonpath.internal.path.CompiledPath] - Evaluating path: $['valid-Login-credentials']['username']
[DEBUG] - [12-08-2025 19:47:43] [main] [com.jayway.jsonpath.internal.path.CompiledPath] - Evaluating path: $['valid-Login-credentials']['password']
[DEBUG] - [12-08-2025 19:47:53] [main] [com.jayway.jsonpath.internal.path.CompiledPath] - Evaluating path: $['valid-Login-credentials']['username']
[DEBUG] - [12-08-2025 19:47:53] [main] [com.jayway.jsonpath.internal.path.CompiledPath] - Evaluating path: $['valid-Login-credentials']['password']
[ERROR] - [12-08-2025 19:47:59] [main] [automation.Tests.endToEnd.E2ETests] - ‚ùå Test FAILED: postiveEntToEndScenario_5
[ERROR] - [12-08-2025 19:47:59] [main] [automation.Tests.endToEnd.E2ETests] - Reason: Remove button is still displayed after click on reset app state button expected [false] but found [true]
[DEBUG] - [12-08-2025 19:48:03] [main] [com.jayway.jsonpath.internal.path.CompiledPath] - Evaluating path: $['invalid-login-username']['username']
[DEBUG] - [12-08-2025 19:48:03] [main] [com.jayway.jsonpath.internal.path.CompiledPath] - Evaluating path: $['invalid-login-username']['password']
[ERROR] - [12-08-2025 19:48:03] [main] [io.qameta.allure.util.NamingUtils] - Could not find parameter 0
[DEBUG] - [12-08-2025 19:48:03] [main] [com.jayway.jsonpath.internal.path.CompiledPath] - Evaluating path: $['invalid-login-username']['error-message']
[DEBUG] - [12-08-2025 19:48:03] [main] [com.jayway.jsonpath.internal.path.CompiledPath] - Evaluating path: $['invalid-login-password']['username']
[DEBUG] - [12-08-2025 19:48:03] [main] [com.jayway.jsonpath.internal.path.CompiledPath] - Evaluating path: $['invalid-login-password']['password']
[ERROR] - [12-08-2025 19:48:04] [main] [io.qameta.allure.util.NamingUtils] - Could not find parameter 0
[DEBUG] - [12-08-2025 19:48:04] [main] [com.jayway.jsonpath.internal.path.CompiledPath] - Evaluating path: $['invalid-login-password']['error-message']
[DEBUG] - [12-08-2025 19:48:04] [main] [com.jayway.jsonpath.internal.path.CompiledPath] - Evaluating path: $['invalid-login-empty-username']['username']
[DEBUG] - [12-08-2025 19:48:04] [main] [com.jayway.jsonpath.internal.path.CompiledPath] - Evaluating path: $['invalid-login-empty-username']['password']
[ERROR] - [12-08-2025 19:48:05] [main] [io.qameta.allure.util.NamingUtils] - Could not find parameter 0
[DEBUG] - [12-08-2025 19:48:05] [main] [com.jayway.jsonpath.internal.path.CompiledPath] - Evaluating path: $['invalid-login-empty-username']['error-message']
[DEBUG] - [12-08-2025 19:48:05] [main] [com.jayway.jsonpath.internal.path.CompiledPath] - Evaluating path: $['invalid-login-empty-password']['username']
[DEBUG] - [12-08-2025 19:48:05] [main] [com.jayway.jsonpath.internal.path.CompiledPath] - Evaluating path: $['invalid-login-empty-password']['password']
[ERROR] - [12-08-2025 19:48:06] [main] [io.qameta.allure.util.NamingUtils] - Could not find parameter 0
[DEBUG] - [12-08-2025 19:48:06] [main] [com.jayway.jsonpath.internal.path.CompiledPath] - Evaluating path: $['invalid-login-empty-password']['error-message']
